2022-02-20 08:06:41,709 - INFO - 
Config:
'add_train': False
'batch_size': 64
'continue_flag': ''
'cur_time': '2022_02_20_08_06_41'
'debug_mode': False
'debug_num': 500
'do_continue_train': False
'do_figure_save': False
'do_log_print_to_screen': True
'do_log_save_to_file': True
'do_predict': True
'do_train': True
'do_train_visualized': False
'dropout_rate': 0.2
'epoch': 20
'feature_columns': [2, 3, 4, 5, 6, 7, 8]
'figure_save_path': './figure/'
'hidden_size': 128
'input_size': 7
'label_columns': [4, 5]
'label_in_feature_index': [2, 3]
'learning_rate': 0.001
'log_save_path': './log/2022_02_20_08_06_41_pytorch/'
'lstm_layers': 2
'model_name': 'model_pytorch.pth'
'model_postfix': {'pytorch': '.pth'
'keras': '.h5'
'tensorflow': '.ckpt'}
'model_save_path': './checkpoint/pytorch/'
'output_size': 2
'patience': 5
'predict_day': 1
'random_seed': 42
'shuffle_train_data': True
'time_step': 20
'train_data_path': './data/stock_data.csv'
'train_data_rate': 0.95
'use_cuda': False
'used_frame': 'pytorch'
'valid_data_rate': 0.15
2022-02-20 08:06:41,772 - INFO - Epoch 0/20
2022-02-20 08:06:50,041 - INFO - The train loss is 0.184097. The valid loss is 0.032719.
2022-02-20 08:06:50,051 - INFO - Epoch 1/20
2022-02-20 08:06:58,398 - INFO - The train loss is 0.021254. The valid loss is 0.011827.
2022-02-20 08:06:58,401 - INFO - Epoch 2/20
2022-02-20 08:07:06,587 - INFO - The train loss is 0.009202. The valid loss is 0.004703.
2022-02-20 08:07:06,593 - INFO - Epoch 3/20
2022-02-20 08:07:15,888 - INFO - The train loss is 0.004918. The valid loss is 0.002235.
2022-02-20 08:07:15,893 - INFO - Epoch 4/20
2022-02-20 08:07:24,377 - INFO - The train loss is 0.003302. The valid loss is 0.001411.
2022-02-20 08:07:24,380 - INFO - Epoch 5/20
2022-02-20 08:07:32,592 - INFO - The train loss is 0.002626. The valid loss is 0.001291.
2022-02-20 08:07:32,599 - INFO - Epoch 6/20
2022-02-20 08:07:41,644 - INFO - The train loss is 0.002241. The valid loss is 0.000975.
2022-02-20 08:07:41,648 - INFO - Epoch 7/20
2022-02-20 08:07:49,982 - INFO - The train loss is 0.002081. The valid loss is 0.000884.
2022-02-20 08:07:49,985 - INFO - Epoch 8/20
2022-02-20 08:07:58,621 - INFO - The train loss is 0.001854. The valid loss is 0.000796.
2022-02-20 08:07:58,626 - INFO - Epoch 9/20
2022-02-20 08:08:07,441 - INFO - The train loss is 0.001783. The valid loss is 0.000976.
2022-02-20 08:08:07,441 - INFO - Epoch 10/20
2022-02-20 08:08:14,259 - INFO - The train loss is 0.001673. The valid loss is 0.000902.
2022-02-20 08:08:14,259 - INFO - Epoch 11/20
2022-02-20 08:08:21,455 - INFO - The train loss is 0.001552. The valid loss is 0.000744.
2022-02-20 08:08:21,459 - INFO - Epoch 12/20
2022-02-20 08:08:29,602 - INFO - The train loss is 0.001548. The valid loss is 0.000782.
2022-02-20 08:08:29,602 - INFO - Epoch 13/20
2022-02-20 08:08:38,427 - INFO - The train loss is 0.001505. The valid loss is 0.000929.
2022-02-20 08:08:38,427 - INFO - Epoch 14/20
2022-02-20 08:08:48,559 - INFO - The train loss is 0.001526. The valid loss is 0.000769.
2022-02-20 08:08:48,560 - INFO - Epoch 15/20
2022-02-20 08:08:58,085 - INFO - The train loss is 0.001444. The valid loss is 0.000770.
2022-02-20 08:08:58,086 - INFO - Epoch 16/20
2022-02-20 08:09:07,368 - INFO - The train loss is 0.001430. The valid loss is 0.000814.
2022-02-20 08:09:07,368 - INFO -  The training stops early in epoch 16
2022-02-20 08:09:07,474 - INFO - The mean squared error of stock ['low', 'high'] is [0.00554418 0.00566236]
2022-02-20 08:09:07,856 - INFO - The predicted stock low for the next 1 day(s) is: 3397.774117023034
2022-02-20 08:09:07,916 - INFO - The predicted stock high for the next 1 day(s) is: 3477.2720486623657
